<?xml version="1.0" encoding="UTF-8"?>
<!-- Generated by org.testng.reporters.JUnitReportReporter -->
<testsuite hostname="harika" failures="0" tests="1" name="apitest.APItestng" time="2.117" errors="0" timestamp="2024-02-13T12:18:54 EST" skipped="0">
  <testcase classname="apitest.APItestng" name="test" time="2.117"/>
</testsuite> <!-- apitest.APItestng -->
